<?xml version="1.0" encoding="UTF-8"?>
<!-- Generated by org.testng.reporters.JUnitReportReporter -->
<testsuite skipped="0" hostname="DESKTOP-CBCAH5V" name="com.testng.Parallel_Concept" tests="2" failures="0" timestamp="2022-09-15T10:29:40 IST" time="0.024" errors="0">
  <testcase name="facebook" time="0.017" classname="com.testng.Parallel_Concept"/>
  <system-out/>
  <testcase name="instagram" time="0.007" classname="com.testng.Parallel_Concept"/>
  <system-out/>
</testsuite> <!-- com.testng.Parallel_Concept -->
