<?xml version="1.0" encoding="UTF-8"?>
<!-- Generated by org.testng.reporters.JUnitReportReporter -->
<testsuite skipped="0" hostname="DESKTOP-CBCAH5V" name="com.testng.Expected_Exceptions" tests="1" failures="0" timestamp="2022-09-17T19:50:38 IST" time="0.014" errors="0">
  <testcase name="demo" time="0.014" classname="com.testng.Expected_Exceptions"/>
  <system-out/>
</testsuite> <!-- com.testng.Expected_Exceptions -->
