<?xml version="1.0" encoding="UTF-8"?>
<!-- Generated by org.testng.reporters.JUnitReportReporter -->
<testsuite skipped="0" hostname="DESKTOP-CBCAH5V" name="com.testng.Dataprovider_Concept" tests="3" failures="0" timestamp="2022-09-17T20:31:19 IST" time="0.023" errors="0">
  <testcase name="Credentials" time="0.002" classname="com.testng.Dataprovider_Concept"/>
  <system-out/>
  <testcase name="Credentials" time="0.013" classname="com.testng.Dataprovider_Concept"/>
  <system-out/>
  <testcase name="Credentials" time="0.008" classname="com.testng.Dataprovider_Concept"/>
  <system-out/>
</testsuite> <!-- com.testng.Dataprovider_Concept -->
