<?xml version="1.0" encoding="UTF-8"?>
<!-- Generated by org.testng.reporters.JUnitReportReporter -->
<testsuite skipped="1" hostname="DESKTOP-CBCAH5V" name="com.testng.Ignore_Concept" tests="4" failures="0" timestamp="2022-09-17T19:04:43 IST" time="0.031" errors="0">
  <testcase name="carrot" time="0.004" classname="com.testng.Ignore_Concept"/>
  <system-out/>
  <testcase name="apple" time="0.015" classname="com.testng.Ignore_Concept"/>
  <system-out/>
  <testcase name="guava" time="0.012" classname="com.testng.Ignore_Concept"/>
  <system-out/>
  <testcase name="tomato" classname="com.testng.Ignore_Concept">
    <skipped/>
  </testcase> <!-- tomato -->
  <system-out/>
</testsuite> <!-- com.testng.Ignore_Concept -->
