<?xml version="1.0" encoding="UTF-8"?>
<!-- Generated by org.testng.reporters.JUnitReportReporter -->
<testsuite skipped="0" hostname="DESKTOP-CBCAH5V" name="com.testng.Simple_Annotations" tests="4" failures="0" timestamp="2022-09-17T18:56:03 IST" time="0.073" errors="0">
  <testcase name="women" time="0.006" classname="com.testng.Simple_Annotations"/>
  <system-out/>
  <testcase name="Kids" time="0.028" classname="com.testng.Simple_Annotations"/>
  <system-out/>
  <testcase name="Kids" time="0.007" classname="com.testng.Simple_Annotations"/>
  <system-out/>
  <testcase name="men" time="0.032" classname="com.testng.Simple_Annotations"/>
  <system-out/>
</testsuite> <!-- com.testng.Simple_Annotations -->
