<?xml version="1.0" encoding="UTF-8"?>
<!-- Generated by org.testng.reporters.JUnitReportReporter -->
<testsuite skipped="0" hostname="DESKTOP-CBCAH5V" name="com.testng.Grouping_Concept" tests="2" failures="0" timestamp="2022-09-17T21:29:58 IST" time="0.023" errors="0">
  <testcase name="mutton" time="0.006" classname="com.testng.Grouping_Concept"/>
  <system-out/>
  <testcase name="chicken" time="0.017" classname="com.testng.Grouping_Concept"/>
  <system-out/>
</testsuite> <!-- com.testng.Grouping_Concept -->
