<?xml version="1.0" encoding="UTF-8"?>
<!-- Generated by org.testng.reporters.JUnitReportReporter -->
<testsuite skipped="0" hostname="DESKTOP-CBCAH5V" name="com.testng.Soft_Assert_Concept" tests="1" failures="0" timestamp="2022-09-17T19:35:25 IST" time="0.024" errors="0">
  <testcase name="demo" time="0.024" classname="com.testng.Soft_Assert_Concept"/>
  <system-out/>
</testsuite> <!-- com.testng.Soft_Assert_Concept -->
