<?xml version="1.0" encoding="UTF-8"?>
<!-- Generated by org.testng.reporters.JUnitReportReporter -->
<testsuite skipped="0" hostname="DESKTOP-CBCAH5V" name="com.testng.Parameterized1" tests="1" failures="0" timestamp="2022-09-17T20:14:01 IST" time="0.005" errors="0">
  <testcase name="Security" time="0.005" classname="com.testng.Parameterized1"/>
  <system-out/>
</testsuite> <!-- com.testng.Parameterized1 -->
