<?xml version="1.0" encoding="UTF-8"?>
<!-- Generated by org.testng.reporters.JUnitReportReporter -->
<testsuite skipped="0" hostname="DESKTOP-CBCAH5V" name="com.testng.Dependency_Concept" tests="2" failures="0" timestamp="2022-09-17T20:04:35 IST" time="0.024" errors="0">
  <testcase name="twelth" time="0.008" classname="com.testng.Dependency_Concept"/>
  <system-out/>
  <testcase name="tenth" time="0.016" classname="com.testng.Dependency_Concept"/>
  <system-out/>
</testsuite> <!-- com.testng.Dependency_Concept -->
